<?xml version="1.0" encoding="UTF-8"?>
<coverage generated="1776612564582" clover="3.2.0">
  <project timestamp="1776612564583" name="All files">
    <metrics statements="70" coveredstatements="70" conditionals="44" coveredconditionals="40" methods="12" coveredmethods="12" elements="126" coveredelements="122" complexity="0" loc="70" ncloc="70" packages="1" files="2" classes="2"/>
    <file name="foundry-markup.ts" path="/home/runner/work/dm-tool/dm-tool/packages/shared/src/foundry-markup.ts">
      <metrics statements="5" coveredstatements="5" conditionals="0" coveredconditionals="0" methods="5" coveredmethods="5"/>
      <line num="12" count="23" type="stmt"/>
      <line num="21" count="4" type="stmt"/>
      <line num="26" count="1" type="stmt"/>
      <line num="29" count="3" type="stmt"/>
      <line num="31" count="1" type="stmt"/>
    </file>
    <file name="map-stem.ts" path="/home/runner/work/dm-tool/dm-tool/packages/shared/src/map-stem.ts">
      <metrics statements="65" coveredstatements="65" conditionals="44" coveredconditionals="40" methods="7" coveredmethods="7"/>
      <line num="38" count="1" type="stmt"/>
      <line num="243" count="79" type="stmt"/>
      <line num="244" count="79" type="cond" truecount="2" falsecount="0"/>
      <line num="245" count="58" type="cond" truecount="2" falsecount="0"/>
      <line num="246" count="57" type="cond" truecount="1" falsecount="1"/>
      <line num="247" count="57" type="cond" truecount="1" falsecount="1"/>
      <line num="253" count="57" type="stmt"/>
      <line num="254" count="57" type="cond" truecount="4" falsecount="0"/>
      <line num="255" count="56" type="stmt"/>
      <line num="261" count="37" type="stmt"/>
      <line num="262" count="37" type="stmt"/>
      <line num="263" count="37" type="stmt"/>
      <line num="264" count="37" type="stmt"/>
      <line num="265" count="37" type="stmt"/>
      <line num="266" count="37" type="stmt"/>
      <line num="267" count="37" type="stmt"/>
      <line num="272" count="37" type="stmt"/>
      <line num="273" count="37" type="cond" truecount="2" falsecount="0"/>
      <line num="274" count="34" type="stmt"/>
      <line num="285" count="1" type="stmt"/>
      <line num="295" count="37" type="stmt"/>
      <line num="296" count="37" type="stmt"/>
      <line num="300" count="37" type="stmt"/>
      <line num="301" count="37" type="stmt"/>
      <line num="302" count="37" type="cond" truecount="2" falsecount="0"/>
      <line num="305" count="103" type="stmt"/>
      <line num="307" count="35" type="cond" truecount="2" falsecount="0"/>
      <line num="309" count="3" type="cond" truecount="1" falsecount="1"/>
      <line num="325" count="32" type="stmt"/>
      <line num="326" count="32" type="stmt"/>
      <line num="327" count="79" type="stmt"/>
      <line num="328" count="79" type="cond" truecount="2" falsecount="0"/>
      <line num="329" count="56" type="stmt"/>
      <line num="330" count="56" type="cond" truecount="6" falsecount="0"/>
      <line num="331" count="3" type="stmt"/>
      <line num="333" count="53" type="stmt"/>
      <line num="335" count="32" type="cond" truecount="2" falsecount="0"/>
      <line num="338" count="3" type="cond" truecount="2" falsecount="0"/>
      <line num="340" count="29" type="stmt"/>
      <line num="360" count="7" type="stmt"/>
      <line num="361" count="7" type="stmt"/>
      <line num="362" count="16" type="cond" truecount="2" falsecount="0"/>
      <line num="363" count="16" type="stmt"/>
      <line num="364" count="16" type="cond" truecount="2" falsecount="0"/>
      <line num="365" count="12" type="stmt"/>
      <line num="366" count="12" type="stmt"/>
      <line num="368" count="16" type="stmt"/>
      <line num="398" count="7" type="stmt"/>
      <line num="399" count="7" type="stmt"/>
      <line num="400" count="12" type="stmt"/>
      <line num="401" count="12" type="cond" truecount="1" falsecount="1"/>
      <line num="402" count="12" type="stmt"/>
      <line num="403" count="12" type="cond" truecount="2" falsecount="0"/>
      <line num="404" count="3" type="stmt"/>
      <line num="405" count="4" type="stmt"/>
      <line num="406" count="4" type="stmt"/>
      <line num="407" count="4" type="cond" truecount="4" falsecount="0"/>
      <line num="408" count="3" type="stmt"/>
      <line num="409" count="3" type="stmt"/>
      <line num="410" count="3" type="stmt"/>
      <line num="415" count="7" type="stmt"/>
      <line num="416" count="7" type="stmt"/>
      <line num="417" count="9" type="stmt"/>
      <line num="418" count="9" type="stmt"/>
      <line num="424" count="7" type="stmt"/>
    </file>
  </project>
</coverage>
