{
  "/home/runner/work/dm-tool/dm-tool/packages/shared/src/foundry-markup.ts": {
    "path": "/home/runner/work/dm-tool/dm-tool/packages/shared/src/foundry-markup.ts",
    "statementMap": {
      "0": { "start": { "line": 12, "column": 2 }, "end": { "line": 44, "column": null } },
      "1": { "start": { "line": 21, "column": 47 }, "end": { "line": 21, "column": null } },
      "2": { "start": { "line": 26, "column": 47 }, "end": { "line": 26, "column": null } },
      "3": { "start": { "line": 29, "column": 91 }, "end": { "line": 29, "column": 115 } },
      "4": { "start": { "line": 31, "column": 84 }, "end": { "line": 31, "column": 102 } }
    },
    "fnMap": {
      "0": {
        "name": "cleanFoundryMarkup",
        "decl": { "start": { "line": 11, "column": 16 }, "end": { "line": 11, "column": 35 } },
        "loc": { "start": { "line": 11, "column": 57 }, "end": { "line": 46, "column": null } },
        "line": 11
      },
      "1": {
        "name": "(anonymous_1)",
        "decl": { "start": { "line": 21, "column": 8 }, "end": { "line": 21, "column": 9 } },
        "loc": { "start": { "line": 21, "column": 47 }, "end": { "line": 21, "column": null } },
        "line": 21
      },
      "2": {
        "name": "(anonymous_2)",
        "decl": { "start": { "line": 26, "column": 8 }, "end": { "line": 26, "column": 9 } },
        "loc": { "start": { "line": 26, "column": 47 }, "end": { "line": 26, "column": null } },
        "line": 26
      },
      "3": {
        "name": "(anonymous_3)",
        "decl": { "start": { "line": 29, "column": 58 }, "end": { "line": 29, "column": 59 } },
        "loc": { "start": { "line": 29, "column": 91 }, "end": { "line": 29, "column": 115 } },
        "line": 29
      },
      "4": {
        "name": "(anonymous_4)",
        "decl": { "start": { "line": 31, "column": 51 }, "end": { "line": 31, "column": 52 } },
        "loc": { "start": { "line": 31, "column": 84 }, "end": { "line": 31, "column": 102 } },
        "line": 31
      }
    },
    "branchMap": {},
    "s": { "0": 23, "1": 4, "2": 1, "3": 3, "4": 1 },
    "f": { "0": 23, "1": 4, "2": 1, "3": 3, "4": 1 },
    "b": {},
    "meta": {
      "lastBranch": 0,
      "lastFunction": 5,
      "lastStatement": 5,
      "seen": {
        "f:11:16:11:35": 0,
        "s:12:2:44:Infinity": 0,
        "f:21:8:21:9": 1,
        "s:21:47:21:Infinity": 1,
        "f:26:8:26:9": 2,
        "s:26:47:26:Infinity": 2,
        "f:29:58:29:59": 3,
        "s:29:91:29:115": 3,
        "f:31:51:31:52": 4,
        "s:31:84:31:102": 4
      }
    }
  },
  "/home/runner/work/dm-tool/dm-tool/packages/shared/src/map-stem.ts": {
    "path": "/home/runner/work/dm-tool/dm-tool/packages/shared/src/map-stem.ts",
    "statementMap": {
      "0": { "start": { "line": 38, "column": 44 }, "end": { "line": 240, "column": null } },
      "1": { "start": { "line": 243, "column": 12 }, "end": { "line": 243, "column": null } },
      "2": { "start": { "line": 244, "column": 2 }, "end": { "line": 244, "column": null } },
      "3": { "start": { "line": 244, "column": 29 }, "end": { "line": 244, "column": null } },
      "4": { "start": { "line": 245, "column": 2 }, "end": { "line": 245, "column": null } },
      "5": { "start": { "line": 245, "column": 23 }, "end": { "line": 245, "column": null } },
      "6": { "start": { "line": 246, "column": 2 }, "end": { "line": 246, "column": null } },
      "7": { "start": { "line": 246, "column": 24 }, "end": { "line": 246, "column": null } },
      "8": { "start": { "line": 247, "column": 2 }, "end": { "line": 247, "column": null } },
      "9": { "start": { "line": 247, "column": 32 }, "end": { "line": 247, "column": null } },
      "10": { "start": { "line": 253, "column": 19 }, "end": { "line": 253, "column": null } },
      "11": { "start": { "line": 254, "column": 2 }, "end": { "line": 254, "column": null } },
      "12": { "start": { "line": 254, "column": 54 }, "end": { "line": 254, "column": null } },
      "13": { "start": { "line": 255, "column": 2 }, "end": { "line": 255, "column": null } },
      "14": { "start": { "line": 261, "column": 10 }, "end": { "line": 261, "column": null } },
      "15": { "start": { "line": 262, "column": 2 }, "end": { "line": 262, "column": null } },
      "16": { "start": { "line": 263, "column": 2 }, "end": { "line": 263, "column": null } },
      "17": { "start": { "line": 264, "column": 2 }, "end": { "line": 264, "column": null } },
      "18": { "start": { "line": 265, "column": 2 }, "end": { "line": 265, "column": null } },
      "19": { "start": { "line": 266, "column": 2 }, "end": { "line": 266, "column": null } },
      "20": { "start": { "line": 267, "column": 2 }, "end": { "line": 267, "column": null } },
      "21": { "start": { "line": 272, "column": 12 }, "end": { "line": 272, "column": null } },
      "22": { "start": { "line": 273, "column": 2 }, "end": { "line": 273, "column": null } },
      "23": { "start": { "line": 273, "column": 9 }, "end": { "line": 273, "column": null } },
      "24": { "start": { "line": 274, "column": 2 }, "end": { "line": 274, "column": null } },
      "25": { "start": { "line": 285, "column": 39 }, "end": { "line": 285, "column": null } },
      "26": { "start": { "line": 295, "column": 25 }, "end": { "line": 295, "column": null } },
      "27": { "start": { "line": 296, "column": 21 }, "end": { "line": 296, "column": null } },
      "28": { "start": { "line": 300, "column": 17 }, "end": { "line": 300, "column": null } },
      "29": { "start": { "line": 301, "column": 2 }, "end": { "line": 303, "column": null } },
      "30": { "start": { "line": 302, "column": 4 }, "end": { "line": 302, "column": null } },
      "31": { "start": { "line": 302, "column": 39 }, "end": { "line": 302, "column": null } },
      "32": { "start": { "line": 305, "column": 17 }, "end": { "line": 305, "column": null } },
      "33": { "start": { "line": 305, "column": 53 }, "end": { "line": 305, "column": 65 } },
      "34": { "start": { "line": 307, "column": 2 }, "end": { "line": 310, "column": null } },
      "35": { "start": { "line": 309, "column": 4 }, "end": { "line": 309, "column": null } },
      "36": { "start": { "line": 325, "column": 25 }, "end": { "line": 325, "column": null } },
      "37": { "start": { "line": 326, "column": 2 }, "end": { "line": 334, "column": null } },
      "38": { "start": { "line": 326, "column": 15 }, "end": { "line": 326, "column": 18 } },
      "39": { "start": { "line": 327, "column": 14 }, "end": { "line": 327, "column": null } },
      "40": { "start": { "line": 328, "column": 4 }, "end": { "line": 328, "column": null } },
      "41": { "start": { "line": 328, "column": 27 }, "end": { "line": 328, "column": null } },
      "42": { "start": { "line": 329, "column": 18 }, "end": { "line": 329, "column": null } },
      "43": { "start": { "line": 330, "column": 4 }, "end": { "line": 332, "column": null } },
      "44": { "start": { "line": 331, "column": 6 }, "end": { "line": 331, "column": null } },
      "45": { "start": { "line": 333, "column": 4 }, "end": { "line": 333, "column": null } },
      "46": { "start": { "line": 335, "column": 2 }, "end": { "line": 339, "column": null } },
      "47": { "start": { "line": 338, "column": 4 }, "end": { "line": 338, "column": null } },
      "48": { "start": { "line": 340, "column": 2 }, "end": { "line": 340, "column": null } },
      "49": { "start": { "line": 360, "column": 18 }, "end": { "line": 360, "column": null } },
      "50": { "start": { "line": 361, "column": 2 }, "end": { "line": 369, "column": null } },
      "51": { "start": { "line": 362, "column": 17 }, "end": { "line": 362, "column": null } },
      "52": { "start": { "line": 363, "column": 15 }, "end": { "line": 363, "column": null } },
      "53": { "start": { "line": 364, "column": 4 }, "end": { "line": 367, "column": null } },
      "54": { "start": { "line": 365, "column": 6 }, "end": { "line": 365, "column": null } },
      "55": { "start": { "line": 366, "column": 6 }, "end": { "line": 366, "column": null } },
      "56": { "start": { "line": 368, "column": 4 }, "end": { "line": 368, "column": null } },
      "57": { "start": { "line": 398, "column": 27 }, "end": { "line": 398, "column": null } },
      "58": { "start": { "line": 399, "column": 2 }, "end": { "line": 413, "column": null } },
      "59": { "start": { "line": 400, "column": 19 }, "end": { "line": 400, "column": null } },
      "60": { "start": { "line": 401, "column": 4 }, "end": { "line": 401, "column": null } },
      "61": { "start": { "line": 401, "column": 17 }, "end": { "line": 401, "column": null } },
      "62": { "start": { "line": 402, "column": 18 }, "end": { "line": 402, "column": null } },
      "63": { "start": { "line": 403, "column": 4 }, "end": { "line": 403, "column": null } },
      "64": { "start": { "line": 403, "column": 42 }, "end": { "line": 403, "column": null } },
      "65": { "start": { "line": 404, "column": 4 }, "end": { "line": 412, "column": null } },
      "66": { "start": { "line": 404, "column": 21 }, "end": { "line": 404, "column": 24 } },
      "67": { "start": { "line": 405, "column": 24 }, "end": { "line": 405, "column": null } },
      "68": { "start": { "line": 406, "column": 21 }, "end": { "line": 406, "column": null } },
      "69": { "start": { "line": 407, "column": 6 }, "end": { "line": 411, "column": null } },
      "70": { "start": { "line": 408, "column": 8 }, "end": { "line": 408, "column": null } },
      "71": { "start": { "line": 409, "column": 8 }, "end": { "line": 409, "column": null } },
      "72": { "start": { "line": 410, "column": 8 }, "end": { "line": 410, "column": null } },
      "73": { "start": { "line": 415, "column": 32 }, "end": { "line": 415, "column": null } },
      "74": { "start": { "line": 416, "column": 2 }, "end": { "line": 423, "column": null } },
      "75": { "start": { "line": 417, "column": 19 }, "end": { "line": 417, "column": null } },
      "76": { "start": { "line": 417, "column": 44 }, "end": { "line": 417, "column": 80 } },
      "77": { "start": { "line": 418, "column": 4 }, "end": { "line": 422, "column": null } },
      "78": { "start": { "line": 424, "column": 2 }, "end": { "line": 424, "column": null } }
    },
    "fnMap": {
      "0": {
        "name": "isVariantToken",
        "decl": { "start": { "line": 242, "column": 9 }, "end": { "line": 242, "column": 24 } },
        "loc": { "start": { "line": 242, "column": 46 }, "end": { "line": 256, "column": null } },
        "line": 242
      },
      "1": {
        "name": "normalize",
        "decl": { "start": { "line": 260, "column": 9 }, "end": { "line": 260, "column": 19 } },
        "loc": { "start": { "line": 260, "column": 41 }, "end": { "line": 268, "column": null } },
        "line": 260
      },
      "2": {
        "name": "stripCzepekuPrefix",
        "decl": { "start": { "line": 271, "column": 9 }, "end": { "line": 271, "column": 28 } },
        "loc": { "start": { "line": 271, "column": 71 }, "end": { "line": 275, "column": null } },
        "line": 271
      },
      "3": {
        "name": "mapStem",
        "decl": { "start": { "line": 294, "column": 16 }, "end": { "line": 294, "column": 24 } },
        "loc": { "start": { "line": 294, "column": 50 }, "end": { "line": 341, "column": null } },
        "line": 294
      },
      "4": {
        "name": "(anonymous_4)",
        "decl": { "start": { "line": 305, "column": 46 }, "end": { "line": 305, "column": 47 } },
        "loc": { "start": { "line": 305, "column": 53 }, "end": { "line": 305, "column": 65 } },
        "line": 305
      },
      "5": {
        "name": "groupByStem",
        "decl": { "start": { "line": 359, "column": 16 }, "end": { "line": 359, "column": 60 } },
        "loc": { "start": { "line": 359, "column": 95 }, "end": { "line": 425, "column": null } },
        "line": 359
      },
      "6": {
        "name": "(anonymous_6)",
        "decl": { "start": { "line": 417, "column": 34 }, "end": { "line": 417, "column": 35 } },
        "loc": { "start": { "line": 417, "column": 44 }, "end": { "line": 417, "column": 80 } },
        "line": 417
      }
    },
    "branchMap": {
      "0": {
        "loc": { "start": { "line": 244, "column": 2 }, "end": { "line": 244, "column": null } },
        "type": "if",
        "locations": [
          { "start": { "line": 244, "column": 2 }, "end": { "line": 244, "column": null } },
          { "start": {}, "end": {} }
        ],
        "line": 244
      },
      "1": {
        "loc": { "start": { "line": 245, "column": 2 }, "end": { "line": 245, "column": null } },
        "type": "if",
        "locations": [
          { "start": { "line": 245, "column": 2 }, "end": { "line": 245, "column": null } },
          { "start": {}, "end": {} }
        ],
        "line": 245
      },
      "2": {
        "loc": { "start": { "line": 246, "column": 2 }, "end": { "line": 246, "column": null } },
        "type": "if",
        "locations": [
          { "start": { "line": 246, "column": 2 }, "end": { "line": 246, "column": null } },
          { "start": {}, "end": {} }
        ],
        "line": 246
      },
      "3": {
        "loc": { "start": { "line": 247, "column": 2 }, "end": { "line": 247, "column": null } },
        "type": "if",
        "locations": [
          { "start": { "line": 247, "column": 2 }, "end": { "line": 247, "column": null } },
          { "start": {}, "end": {} }
        ],
        "line": 247
      },
      "4": {
        "loc": { "start": { "line": 254, "column": 2 }, "end": { "line": 254, "column": null } },
        "type": "if",
        "locations": [
          { "start": { "line": 254, "column": 2 }, "end": { "line": 254, "column": null } },
          { "start": {}, "end": {} }
        ],
        "line": 254
      },
      "5": {
        "loc": { "start": { "line": 254, "column": 6 }, "end": { "line": 254, "column": 54 } },
        "type": "binary-expr",
        "locations": [
          { "start": { "line": 254, "column": 6 }, "end": { "line": 254, "column": 24 } },
          { "start": { "line": 254, "column": 24 }, "end": { "line": 254, "column": 54 } }
        ],
        "line": 254
      },
      "6": {
        "loc": { "start": { "line": 273, "column": 2 }, "end": { "line": 273, "column": null } },
        "type": "if",
        "locations": [
          { "start": { "line": 273, "column": 2 }, "end": { "line": 273, "column": null } },
          { "start": {}, "end": {} }
        ],
        "line": 273
      },
      "7": {
        "loc": { "start": { "line": 302, "column": 4 }, "end": { "line": 302, "column": null } },
        "type": "if",
        "locations": [
          { "start": { "line": 302, "column": 4 }, "end": { "line": 302, "column": null } },
          { "start": {}, "end": {} }
        ],
        "line": 302
      },
      "8": {
        "loc": { "start": { "line": 307, "column": 2 }, "end": { "line": 310, "column": null } },
        "type": "if",
        "locations": [
          { "start": { "line": 307, "column": 2 }, "end": { "line": 310, "column": null } },
          { "start": {}, "end": {} }
        ],
        "line": 307
      },
      "9": {
        "loc": { "start": { "line": 309, "column": 11 }, "end": { "line": 309, "column": null } },
        "type": "binary-expr",
        "locations": [
          { "start": { "line": 309, "column": 11 }, "end": { "line": 309, "column": 39 } },
          { "start": { "line": 309, "column": 39 }, "end": { "line": 309, "column": null } }
        ],
        "line": 309
      },
      "10": {
        "loc": { "start": { "line": 328, "column": 4 }, "end": { "line": 328, "column": null } },
        "type": "if",
        "locations": [
          { "start": { "line": 328, "column": 4 }, "end": { "line": 328, "column": null } },
          { "start": {}, "end": {} }
        ],
        "line": 328
      },
      "11": {
        "loc": { "start": { "line": 330, "column": 4 }, "end": { "line": 332, "column": null } },
        "type": "if",
        "locations": [
          { "start": { "line": 330, "column": 4 }, "end": { "line": 332, "column": null } },
          { "start": {}, "end": {} }
        ],
        "line": 330
      },
      "12": {
        "loc": { "start": { "line": 330, "column": 4 }, "end": { "line": 330, "column": 94 } },
        "type": "binary-expr",
        "locations": [
          { "start": { "line": 330, "column": 9 }, "end": { "line": 330, "column": 27 } },
          { "start": { "line": 330, "column": 27 }, "end": { "line": 330, "column": 50 } },
          { "start": { "line": 330, "column": 50 }, "end": { "line": 330, "column": 71 } },
          { "start": { "line": 330, "column": 71 }, "end": { "line": 330, "column": 94 } }
        ],
        "line": 330
      },
      "13": {
        "loc": { "start": { "line": 335, "column": 2 }, "end": { "line": 339, "column": null } },
        "type": "if",
        "locations": [
          { "start": { "line": 335, "column": 2 }, "end": { "line": 339, "column": null } },
          { "start": {}, "end": {} }
        ],
        "line": 335
      },
      "14": {
        "loc": { "start": { "line": 338, "column": 11 }, "end": { "line": 338, "column": null } },
        "type": "binary-expr",
        "locations": [
          { "start": { "line": 338, "column": 11 }, "end": { "line": 338, "column": 39 } },
          { "start": { "line": 338, "column": 39 }, "end": { "line": 338, "column": null } }
        ],
        "line": 338
      },
      "15": {
        "loc": { "start": { "line": 362, "column": 17 }, "end": { "line": 362, "column": null } },
        "type": "binary-expr",
        "locations": [
          { "start": { "line": 362, "column": 17 }, "end": { "line": 362, "column": 40 } },
          { "start": { "line": 362, "column": 40 }, "end": { "line": 362, "column": null } }
        ],
        "line": 362
      },
      "16": {
        "loc": { "start": { "line": 364, "column": 4 }, "end": { "line": 367, "column": null } },
        "type": "if",
        "locations": [
          { "start": { "line": 364, "column": 4 }, "end": { "line": 367, "column": null } },
          { "start": {}, "end": {} }
        ],
        "line": 364
      },
      "17": {
        "loc": { "start": { "line": 401, "column": 4 }, "end": { "line": 401, "column": null } },
        "type": "if",
        "locations": [
          { "start": { "line": 401, "column": 4 }, "end": { "line": 401, "column": null } },
          { "start": {}, "end": {} }
        ],
        "line": 401
      },
      "18": {
        "loc": { "start": { "line": 403, "column": 4 }, "end": { "line": 403, "column": null } },
        "type": "if",
        "locations": [
          { "start": { "line": 403, "column": 4 }, "end": { "line": 403, "column": null } },
          { "start": {}, "end": {} }
        ],
        "line": 403
      },
      "19": {
        "loc": { "start": { "line": 407, "column": 6 }, "end": { "line": 411, "column": null } },
        "type": "if",
        "locations": [
          { "start": { "line": 407, "column": 6 }, "end": { "line": 411, "column": null } },
          { "start": {}, "end": {} }
        ],
        "line": 407
      },
      "20": {
        "loc": { "start": { "line": 407, "column": 10 }, "end": { "line": 407, "column": 39 } },
        "type": "binary-expr",
        "locations": [
          { "start": { "line": 407, "column": 10 }, "end": { "line": 407, "column": 20 } },
          { "start": { "line": 407, "column": 20 }, "end": { "line": 407, "column": 39 } }
        ],
        "line": 407
      }
    },
    "s": {
      "0": 1,
      "1": 79,
      "2": 79,
      "3": 21,
      "4": 58,
      "5": 1,
      "6": 57,
      "7": 0,
      "8": 57,
      "9": 0,
      "10": 57,
      "11": 57,
      "12": 1,
      "13": 56,
      "14": 37,
      "15": 37,
      "16": 37,
      "17": 37,
      "18": 37,
      "19": 37,
      "20": 37,
      "21": 37,
      "22": 37,
      "23": 3,
      "24": 34,
      "25": 1,
      "26": 37,
      "27": 37,
      "28": 37,
      "29": 37,
      "30": 37,
      "31": 2,
      "32": 35,
      "33": 103,
      "34": 35,
      "35": 3,
      "36": 32,
      "37": 32,
      "38": 32,
      "39": 79,
      "40": 79,
      "41": 23,
      "42": 56,
      "43": 56,
      "44": 3,
      "45": 53,
      "46": 32,
      "47": 3,
      "48": 29,
      "49": 7,
      "50": 7,
      "51": 16,
      "52": 16,
      "53": 16,
      "54": 12,
      "55": 12,
      "56": 16,
      "57": 7,
      "58": 7,
      "59": 12,
      "60": 12,
      "61": 0,
      "62": 12,
      "63": 12,
      "64": 9,
      "65": 3,
      "66": 3,
      "67": 4,
      "68": 4,
      "69": 4,
      "70": 3,
      "71": 3,
      "72": 3,
      "73": 7,
      "74": 7,
      "75": 9,
      "76": 9,
      "77": 9,
      "78": 7
    },
    "f": { "0": 79, "1": 37, "2": 37, "3": 37, "4": 103, "5": 7, "6": 9 },
    "b": {
      "0": [21, 58],
      "1": [1, 57],
      "2": [0, 57],
      "3": [0, 57],
      "4": [1, 56],
      "5": [57, 1],
      "6": [3, 34],
      "7": [2, 35],
      "8": [3, 32],
      "9": [3, 0],
      "10": [23, 56],
      "11": [3, 53],
      "12": [56, 55, 54, 3],
      "13": [3, 29],
      "14": [3, 2],
      "15": [16, 1],
      "16": [12, 4],
      "17": [0, 12],
      "18": [9, 3],
      "19": [3, 1],
      "20": [4, 3]
    },
    "meta": {
      "lastBranch": 21,
      "lastFunction": 7,
      "lastStatement": 79,
      "seen": {
        "s:38:44:240:Infinity": 0,
        "f:242:9:242:24": 0,
        "s:243:12:243:Infinity": 1,
        "b:244:2:244:Infinity:undefined:undefined:undefined:undefined": 0,
        "s:244:2:244:Infinity": 2,
        "s:244:29:244:Infinity": 3,
        "b:245:2:245:Infinity:undefined:undefined:undefined:undefined": 1,
        "s:245:2:245:Infinity": 4,
        "s:245:23:245:Infinity": 5,
        "b:246:2:246:Infinity:undefined:undefined:undefined:undefined": 2,
        "s:246:2:246:Infinity": 6,
        "s:246:24:246:Infinity": 7,
        "b:247:2:247:Infinity:undefined:undefined:undefined:undefined": 3,
        "s:247:2:247:Infinity": 8,
        "s:247:32:247:Infinity": 9,
        "s:253:19:253:Infinity": 10,
        "b:254:2:254:Infinity:undefined:undefined:undefined:undefined": 4,
        "s:254:2:254:Infinity": 11,
        "b:254:6:254:24:254:24:254:54": 5,
        "s:254:54:254:Infinity": 12,
        "s:255:2:255:Infinity": 13,
        "f:260:9:260:19": 1,
        "s:261:10:261:Infinity": 14,
        "s:262:2:262:Infinity": 15,
        "s:263:2:263:Infinity": 16,
        "s:264:2:264:Infinity": 17,
        "s:265:2:265:Infinity": 18,
        "s:266:2:266:Infinity": 19,
        "s:267:2:267:Infinity": 20,
        "f:271:9:271:28": 2,
        "s:272:12:272:Infinity": 21,
        "b:273:2:273:Infinity:undefined:undefined:undefined:undefined": 6,
        "s:273:2:273:Infinity": 22,
        "s:273:9:273:Infinity": 23,
        "s:274:2:274:Infinity": 24,
        "s:285:39:285:Infinity": 25,
        "f:294:16:294:24": 3,
        "s:295:25:295:Infinity": 26,
        "s:296:21:296:Infinity": 27,
        "s:300:17:300:Infinity": 28,
        "s:301:2:303:Infinity": 29,
        "b:302:4:302:Infinity:undefined:undefined:undefined:undefined": 7,
        "s:302:4:302:Infinity": 30,
        "s:302:39:302:Infinity": 31,
        "s:305:17:305:Infinity": 32,
        "f:305:46:305:47": 4,
        "s:305:53:305:65": 33,
        "b:307:2:310:Infinity:undefined:undefined:undefined:undefined": 8,
        "s:307:2:310:Infinity": 34,
        "s:309:4:309:Infinity": 35,
        "b:309:11:309:39:309:39:309:Infinity": 9,
        "s:325:25:325:Infinity": 36,
        "s:326:2:334:Infinity": 37,
        "s:326:15:326:18": 38,
        "s:327:14:327:Infinity": 39,
        "b:328:4:328:Infinity:undefined:undefined:undefined:undefined": 10,
        "s:328:4:328:Infinity": 40,
        "s:328:27:328:Infinity": 41,
        "s:329:18:329:Infinity": 42,
        "b:330:4:332:Infinity:undefined:undefined:undefined:undefined": 11,
        "s:330:4:332:Infinity": 43,
        "b:330:9:330:27:330:27:330:50:330:50:330:71:330:71:330:94": 12,
        "s:331:6:331:Infinity": 44,
        "s:333:4:333:Infinity": 45,
        "b:335:2:339:Infinity:undefined:undefined:undefined:undefined": 13,
        "s:335:2:339:Infinity": 46,
        "s:338:4:338:Infinity": 47,
        "b:338:11:338:39:338:39:338:Infinity": 14,
        "s:340:2:340:Infinity": 48,
        "f:359:16:359:60": 5,
        "s:360:18:360:Infinity": 49,
        "s:361:2:369:Infinity": 50,
        "s:362:17:362:Infinity": 51,
        "b:362:17:362:40:362:40:362:Infinity": 15,
        "s:363:15:363:Infinity": 52,
        "b:364:4:367:Infinity:undefined:undefined:undefined:undefined": 16,
        "s:364:4:367:Infinity": 53,
        "s:365:6:365:Infinity": 54,
        "s:366:6:366:Infinity": 55,
        "s:368:4:368:Infinity": 56,
        "s:398:27:398:Infinity": 57,
        "s:399:2:413:Infinity": 58,
        "s:400:19:400:Infinity": 59,
        "b:401:4:401:Infinity:undefined:undefined:undefined:undefined": 17,
        "s:401:4:401:Infinity": 60,
        "s:401:17:401:Infinity": 61,
        "s:402:18:402:Infinity": 62,
        "b:403:4:403:Infinity:undefined:undefined:undefined:undefined": 18,
        "s:403:4:403:Infinity": 63,
        "s:403:42:403:Infinity": 64,
        "s:404:4:412:Infinity": 65,
        "s:404:21:404:24": 66,
        "s:405:24:405:Infinity": 67,
        "s:406:21:406:Infinity": 68,
        "b:407:6:411:Infinity:undefined:undefined:undefined:undefined": 19,
        "s:407:6:411:Infinity": 69,
        "b:407:10:407:20:407:20:407:39": 20,
        "s:408:8:408:Infinity": 70,
        "s:409:8:409:Infinity": 71,
        "s:410:8:410:Infinity": 72,
        "s:415:32:415:Infinity": 73,
        "s:416:2:423:Infinity": 74,
        "s:417:19:417:Infinity": 75,
        "f:417:34:417:35": 6,
        "s:417:44:417:80": 76,
        "s:418:4:422:Infinity": 77,
        "s:424:2:424:Infinity": 78
      }
    }
  }
}
